<?xml version="1.0" encoding="UTF-8"?>
<!-- Generated by org.testng.reporters.JUnitXMLReporter -->
<testsuite ignored="1" hostname="VEDANT" failures="0" tests="2" name="Default test" time="26.732" errors="0" timestamp="2025-11-27T22:53:28 IST">
  <testcase classname="demo.test.CreateOrderTest" name="placeOrder" time="7.198"/>
  <testcase classname="demo.test.CreateOrderTest" name="placeOrder" time="7.098"/>
  <testcase classname="demo.test.CreateOrderTest" name="verifyAddedProductsOnCartPage" time="0.0">
    <ignored/>
  </testcase> <!-- verifyAddedProductsOnCartPage -->
</testsuite> <!-- Default test -->
