<?xml version="1.0" encoding="UTF-8"?>
<!-- Generated by org.testng.reporters.JUnitXMLReporter -->
<testsuite ignored="1" hostname="VEDANT" failures="0" tests="2" name="Default test" time="27.115" errors="0" timestamp="2025-11-17T20:17:03 IST">
  <testcase classname="demo.test.CreateOrderTest" name="placeOrder" time="7.195"/>
  <testcase classname="demo.test.CreateOrderTest" name="placeOrder" time="7.143"/>
  <testcase classname="demo.test.CreateOrderTest" name="verifyAddedProductsOnCartPage" time="0.0">
    <ignored/>
  </testcase> <!-- verifyAddedProductsOnCartPage -->
</testsuite> <!-- Default test -->
