<?xml version="1.0" encoding="UTF-8"?>
<!-- Generated by org.testng.reporters.JUnitXMLReporter -->
<testsuite ignored="0" hostname="VEDANT" failures="0" tests="3" name="Place Order" time="28.479" errors="0" timestamp="2025-11-01T23:01:57 IST">
  <testcase classname="demo.test.CreateOrderTest" name="placeOrder" time="8.714"/>
  <testcase classname="demo.test.CreateOrderTest" name="placeOrder" time="5.984"/>
  <testcase classname="demo.test.CreateOrderTest" name="verifyAddedProductsOnCartPage" time="1.039"/>
</testsuite> <!-- Place Order -->
