<?xml version="1.0" encoding="UTF-8"?>
<testng-results ignored="0" total="1" passed="1" failed="0" skipped="0">
  <reporter-output>
  </reporter-output>
  <suite started-at="2025-11-17T01:13:06 IST" name="Default suite" finished-at="2025-11-17T01:13:12 IST" duration-ms="5515">
    <groups>
      <group name="ErrorValidation">
        <method signature="ErrorValidationTest.loginErrorValidation()[pri:0, instance:demo.test.ErrorValidationTest@3d9f6567]" name="loginErrorValidation" class="demo.test.ErrorValidationTest"/>
      </group> <!-- ErrorValidation -->
    </groups>
    <test started-at="2025-11-17T01:13:06 IST" name="Default test" finished-at="2025-11-17T01:13:12 IST" duration-ms="5515">
      <class name="demo.test.ErrorValidationTest">
        <test-method is-config="true" signature="launchApplication()[pri:0, instance:demo.test.ErrorValidationTest@3d9f6567]" started-at="2025-11-17T01:13:06 IST" name="launchApplication" finished-at="2025-11-17T01:13:10 IST" duration-ms="3961" status="PASS">
          <reporter-output>
          </reporter-output>
        </test-method> <!-- launchApplication -->
        <test-method signature="loginErrorValidation()[pri:0, instance:demo.test.ErrorValidationTest@3d9f6567]" started-at="2025-11-17T01:13:10 IST" name="loginErrorValidation" finished-at="2025-11-17T01:13:12 IST" duration-ms="1211" status="PASS">
          <reporter-output>
          </reporter-output>
        </test-method> <!-- loginErrorValidation -->
        <test-method is-config="true" signature="tearDown()[pri:0, instance:demo.test.ErrorValidationTest@3d9f6567]" started-at="2025-11-17T01:13:12 IST" name="tearDown" finished-at="2025-11-17T01:13:12 IST" duration-ms="222" status="PASS">
          <reporter-output>
          </reporter-output>
        </test-method> <!-- tearDown -->
      </class> <!-- demo.test.ErrorValidationTest -->
    </test> <!-- Default test -->
  </suite> <!-- Default suite -->
</testng-results>
