<?xml version="1.0" encoding="UTF-8"?>
<testng-results ignored="0" total="2" passed="2" failed="0" skipped="0">
  <reporter-output>
  </reporter-output>
  <suite started-at="2025-11-17T20:15:06 IST" name="Default suite" finished-at="2025-11-17T20:15:33 IST" duration-ms="26395">
    <groups>
      <group name="purchase">
        <method signature="CreateOrderTest.placeOrder(java.util.List)[pri:0, instance:demo.test.CreateOrderTest@3569fc08]" name="placeOrder" class="demo.test.CreateOrderTest"/>
      </group> <!-- purchase -->
    </groups>
    <test started-at="2025-11-17T20:15:06 IST" name="Default test" finished-at="2025-11-17T20:15:33 IST" duration-ms="26395">
      <class name="demo.test.CreateOrderTest">
        <test-method is-config="true" signature="launchApplication()[pri:0, instance:demo.test.CreateOrderTest@3569fc08]" started-at="2025-11-17T20:15:09 IST" name="launchApplication" finished-at="2025-11-17T20:15:15 IST" duration-ms="6056" status="PASS">
          <reporter-output>
          </reporter-output>
        </test-method> <!-- launchApplication -->
        <test-method signature="placeOrder(java.util.List)[pri:0, instance:demo.test.CreateOrderTest@3569fc08]" started-at="2025-11-17T20:15:15 IST" name="placeOrder" data-provider="getData" finished-at="2025-11-17T20:15:22 IST" duration-ms="7235" status="PASS">
          <params>
            <param index="0">
              <value>
                <![CDATA[[Sample Test, golu123@gmail.com, Golu@123, ZARA COAT 3, Ind]]]>
              </value>
            </param>
          </params>
          <reporter-output>
          </reporter-output>
        </test-method> <!-- placeOrder -->
        <test-method is-config="true" signature="tearDown()[pri:0, instance:demo.test.CreateOrderTest@3569fc08]" started-at="2025-11-17T20:15:22 IST" name="tearDown" finished-at="2025-11-17T20:15:22 IST" duration-ms="189" status="PASS">
          <reporter-output>
          </reporter-output>
        </test-method> <!-- tearDown -->
        <test-method is-config="true" signature="launchApplication()[pri:0, instance:demo.test.CreateOrderTest@3569fc08]" started-at="2025-11-17T20:15:22 IST" name="launchApplication" finished-at="2025-11-17T20:15:26 IST" duration-ms="3612" status="PASS">
          <reporter-output>
          </reporter-output>
        </test-method> <!-- launchApplication -->
        <test-method signature="placeOrder(java.util.List)[pri:0, instance:demo.test.CreateOrderTest@3569fc08]" started-at="2025-11-17T20:15:26 IST" name="placeOrder" data-provider="getData" finished-at="2025-11-17T20:15:33 IST" duration-ms="7085" status="PASS">
          <params>
            <param index="0">
              <value>
                <![CDATA[[Stand Alone Test, siddhu@patil.com, Siddhu@123, IPHONE 13 PRO, Ind]]]>
              </value>
            </param>
          </params>
          <reporter-output>
          </reporter-output>
        </test-method> <!-- placeOrder -->
        <test-method is-config="true" signature="tearDown()[pri:0, instance:demo.test.CreateOrderTest@3569fc08]" started-at="2025-11-17T20:15:33 IST" name="tearDown" finished-at="2025-11-17T20:15:33 IST" duration-ms="131" status="PASS">
          <reporter-output>
          </reporter-output>
        </test-method> <!-- tearDown -->
      </class> <!-- demo.test.CreateOrderTest -->
    </test> <!-- Default test -->
  </suite> <!-- Default suite -->
</testng-results>
