<?xml version="1.0" encoding="UTF-8"?>
<testng-results ignored="0" total="2" passed="2" failed="0" skipped="0">
  <reporter-output>
  </reporter-output>
  <suite started-at="2025-11-17T00:44:08 IST" name="Default suite" finished-at="2025-11-17T00:44:32 IST" duration-ms="23631">
    <groups>
      <group name="purchase">
        <method signature="CreateOrderTest.placeOrder(java.util.List)[pri:0, instance:demo.test.CreateOrderTest@2e61d218]" name="placeOrder" class="demo.test.CreateOrderTest"/>
      </group> <!-- purchase -->
    </groups>
    <test started-at="2025-11-17T00:44:08 IST" name="Default test" finished-at="2025-11-17T00:44:32 IST" duration-ms="23631">
      <class name="demo.test.CreateOrderTest">
        <test-method is-config="true" signature="launchApplication()[pri:0, instance:demo.test.CreateOrderTest@2e61d218]" started-at="2025-11-17T00:44:09 IST" name="launchApplication" finished-at="2025-11-17T00:44:15 IST" duration-ms="5696" status="PASS">
          <reporter-output>
          </reporter-output>
        </test-method> <!-- launchApplication -->
        <test-method signature="placeOrder(java.util.List)[pri:0, instance:demo.test.CreateOrderTest@2e61d218]" started-at="2025-11-17T00:44:15 IST" name="placeOrder" data-provider="getData" finished-at="2025-11-17T00:44:21 IST" duration-ms="6382" status="PASS">
          <params>
            <param index="0">
              <value>
                <![CDATA[[Sample Test, golu123@gmail.com, Golu@123, ZARA COAT 3, Ind]]]>
              </value>
            </param>
          </params>
          <reporter-output>
          </reporter-output>
        </test-method> <!-- placeOrder -->
        <test-method is-config="true" signature="tearDown()[pri:0, instance:demo.test.CreateOrderTest@2e61d218]" started-at="2025-11-17T00:44:21 IST" name="tearDown" finished-at="2025-11-17T00:44:21 IST" duration-ms="92" status="PASS">
          <reporter-output>
          </reporter-output>
        </test-method> <!-- tearDown -->
        <test-method is-config="true" signature="launchApplication()[pri:0, instance:demo.test.CreateOrderTest@2e61d218]" started-at="2025-11-17T00:44:21 IST" name="launchApplication" finished-at="2025-11-17T00:44:25 IST" duration-ms="3590" status="PASS">
          <reporter-output>
          </reporter-output>
        </test-method> <!-- launchApplication -->
        <test-method signature="placeOrder(java.util.List)[pri:0, instance:demo.test.CreateOrderTest@2e61d218]" started-at="2025-11-17T00:44:25 IST" name="placeOrder" data-provider="getData" finished-at="2025-11-17T00:44:32 IST" duration-ms="6516" status="PASS">
          <params>
            <param index="0">
              <value>
                <![CDATA[[Stand Alone Test, siddhu@patil.com, Siddhu@123, IPHONE 13 PRO, Ind]]]>
              </value>
            </param>
          </params>
          <reporter-output>
          </reporter-output>
        </test-method> <!-- placeOrder -->
        <test-method is-config="true" signature="tearDown()[pri:0, instance:demo.test.CreateOrderTest@2e61d218]" started-at="2025-11-17T00:44:32 IST" name="tearDown" finished-at="2025-11-17T00:44:32 IST" duration-ms="77" status="PASS">
          <reporter-output>
          </reporter-output>
        </test-method> <!-- tearDown -->
      </class> <!-- demo.test.CreateOrderTest -->
    </test> <!-- Default test -->
  </suite> <!-- Default suite -->
</testng-results>
