<?xml version="1.0" encoding="UTF-8"?>
<!-- Generated by org.testng.reporters.JUnitReportReporter -->
<testsuite hostname="VEDANT" failures="0" tests="3" name="cucumber.TestRunner" time="48.767" errors="0" timestamp="2025-11-15T12:48:52 IST" skipped="0">
  <testcase classname="cucumber.TestRunner" name="runScenario" time="12.025"/>
  <testcase classname="cucumber.TestRunner" name="runScenario" time="30.604"/>
  <testcase classname="cucumber.TestRunner" name="runScenario" time="6.138"/>
</testsuite> <!-- cucumber.TestRunner -->
